# JRE version: Java(TM) SE Runtime Environment (17.0+35) (build 17+35-LTS-2724)
# Java VM: Java HotSpot(TM) 64-Bit Server VM (17+35-LTS-2724, mixed mode, sharing, tiered, compressed oops, compressed class ptrs, g1 gc, windows-amd64)
GC Precious Log:
 CPUs: 20 total, 20 available
 Memory: 16125M
 Large Page Support: Disabled
 NUMA Support: Disabled
 Compressed Oops: Enabled (32-bit)
 Heap Region Size: 1M
 Heap Min Capacity: 8M
 Heap Initial Capacity: 252M
 Heap Max Capacity: 2G
 Pre-touch: Disabled
 Parallel Workers: 15
 Concurrent Workers: 4
 Concurrent Refinement Workers: 15
 Periodic GC: Disabled
Heap:
 garbage-first heap   total 291840K, used 138197K [0x0000000080000000, 0x0000000100000000)
  region size 1024K, 39 young (39936K), 8 survivors (8192K)
 Metaspace       used 84710K, committed 85696K, reserved 503808K
  class space    used 11704K, committed 12160K, reserved 421888K
GC Heap History (20 events):
Event: 20.852 GC heap before
{Heap before GC invocations=27 (full 0):
 garbage-first heap   total 132096K, used 105322K [0x0000000080000000, 0x0000000100000000)
  region size 1024K, 46 young (47104K), 4 survivors (4096K)
 Metaspace       used 64151K, committed 64832K, reserved 479232K
  class space    used 9058K, committed 9408K, reserved 421888K
}
Event: 20.855 GC heap after
{Heap after GC invocations=28 (full 0):
 garbage-first heap   total 132096K, used 66443K [0x0000000080000000, 0x0000000100000000)
  region size 1024K, 6 young (6144K), 6 survivors (6144K)
 Metaspace       used 64151K, committed 64832K, reserved 479232K
  class space    used 9058K, committed 9408K, reserved 421888K
}
Event: 20.873 GC heap before
{Heap before GC invocations=28 (full 0):
 garbage-first heap   total 132096K, used 67467K [0x0000000080000000, 0x0000000100000000)
  region size 1024K, 7 young (7168K), 6 survivors (6144K)
 Metaspace       used 64171K, committed 64896K, reserved 479232K
  class space    used 9062K, committed 9408K, reserved 421888K
}
Event: 20.876 GC heap after
{Heap after GC invocations=29 (full 0):
 garbage-first heap   total 132096K, used 66519K [0x0000000080000000, 0x0000000100000000)
  region size 1024K, 1 young (1024K), 1 survivors (1024K)
 Metaspace       used 64171K, committed 64896K, reserved 479232K
  class space    used 9062K, committed 9408K, reserved 421888K
}
Event: 21.498 GC heap before
{Heap before GC invocations=29 (full 0):
 garbage-first heap   total 132096K, used 107479K [0x0000000080000000, 0x0000000100000000)
  region size 1024K, 41 young (41984K), 1 survivors (1024K)
 Metaspace       used 67205K, committed 67904K, reserved 487424K
  class space    used 9464K, committed 9792K, reserved 421888K
}
Event: 21.501 GC heap after
{Heap after GC invocations=30 (full 0):
 garbage-first heap   total 132096K, used 68639K [0x0000000080000000, 0x0000000100000000)
  region size 1024K, 4 young (4096K), 4 survivors (4096K)
 Metaspace       used 67205K, committed 67904K, reserved 487424K
  class space    used 9464K, committed 9792K, reserved 421888K
}
Event: 22.328 GC heap before
{Heap before GC invocations=31 (full 0):
 garbage-first heap   total 132096K, used 106527K [0x0000000080000000, 0x0000000100000000)
  region size 1024K, 42 young (43008K), 4 survivors (4096K)
 Metaspace       used 69657K, committed 70400K, reserved 487424K
  class space    used 9910K, committed 10304K, reserved 421888K
}
Event: 22.333 GC heap after
{Heap after GC invocations=32 (full 0):
 garbage-first heap   total 132096K, used 73438K [0x0000000080000000, 0x0000000100000000)
  region size 1024K, 6 young (6144K), 6 survivors (6144K)
 Metaspace       used 69657K, committed 70400K, reserved 487424K
  class space    used 9910K, committed 10304K, reserved 421888K
}
Event: 22.337 GC heap before
{Heap before GC invocations=32 (full 0):
 garbage-first heap   total 132096K, used 73438K [0x0000000080000000, 0x0000000100000000)
  region size 1024K, 7 young (7168K), 6 survivors (6144K)
 Metaspace       used 69672K, committed 70464K, reserved 487424K
  class space    used 9910K, committed 10304K, reserved 421888K
}
Event: 22.340 GC heap after
{Heap after GC invocations=33 (full 0):
 garbage-first heap   total 132096K, used 73696K [0x0000000080000000, 0x0000000100000000)
  region size 1024K, 1 young (1024K), 1 survivors (1024K)
 Metaspace       used 69672K, committed 70464K, reserved 487424K
  class space    used 9910K, committed 10304K, reserved 421888K
}
Event: 22.591 GC heap before
{Heap before GC invocations=33 (full 0):
 garbage-first heap   total 132096K, used 106464K [0x0000000080000000, 0x0000000100000000)
  region size 1024K, 34 young (34816K), 1 survivors (1024K)
 Metaspace       used 71044K, committed 71872K, reserved 487424K
  class space    used 10086K, committed 10496K, reserved 421888K
}
Event: 22.594 GC heap after
{Heap after GC invocations=34 (full 0):
 garbage-first heap   total 132096K, used 77345K [0x0000000080000000, 0x0000000100000000)
  region size 1024K, 5 young (5120K), 5 survivors (5120K)
 Metaspace       used 71044K, committed 71872K, reserved 487424K
  class space    used 10086K, committed 10496K, reserved 421888K
}
Event: 22.924 GC heap before
{Heap before GC invocations=34 (full 0):
 garbage-first heap   total 132096K, used 106017K [0x0000000080000000, 0x0000000100000000)
  region size 1024K, 34 young (34816K), 5 survivors (5120K)
 Metaspace       used 71797K, committed 72704K, reserved 487424K
  class space    used 10115K, committed 10560K, reserved 421888K
}
Event: 22.927 GC heap after
{Heap after GC invocations=35 (full 0):
 garbage-first heap   total 132096K, used 80680K [0x0000000080000000, 0x0000000100000000)
  region size 1024K, 4 young (4096K), 4 survivors (4096K)
 Metaspace       used 71797K, committed 72704K, reserved 487424K
  class space    used 10115K, committed 10560K, reserved 421888K
}
Event: 23.013 GC heap before
{Heap before GC invocations=35 (full 0):
 garbage-first heap   total 132096K, used 106280K [0x0000000080000000, 0x0000000100000000)
  region size 1024K, 30 young (30720K), 4 survivors (4096K)
 Metaspace       used 71903K, committed 72832K, reserved 487424K
  class space    used 10115K, committed 10560K, reserved 421888K
}
Event: 23.017 GC heap after
{Heap after GC invocations=36 (full 0):
 garbage-first heap   total 291840K, used 83592K [0x0000000080000000, 0x0000000100000000)
  region size 1024K, 4 young (4096K), 4 survivors (4096K)
 Metaspace       used 71903K, committed 72832K, reserved 487424K
  class space    used 10115K, committed 10560K, reserved 421888K
}
Event: 23.462 GC heap before
{Heap before GC invocations=36 (full 0):
 garbage-first heap   total 291840K, used 231048K [0x0000000080000000, 0x0000000100000000)
  region size 1024K, 142 young (145408K), 4 survivors (4096K)
 Metaspace       used 73948K, committed 74880K, reserved 487424K
  class space    used 10368K, committed 10816K, reserved 421888K
}
Event: 23.470 GC heap after
{Heap after GC invocations=37 (full 0):
 garbage-first heap   total 291840K, used 98819K [0x0000000080000000, 0x0000000100000000)
  region size 1024K, 13 young (13312K), 13 survivors (13312K)
 Metaspace       used 73948K, committed 74880K, reserved 487424K
  class space    used 10368K, committed 10816K, reserved 421888K
}
Event: 24.334 GC heap before
{Heap before GC invocations=37 (full 0):
 garbage-first heap   total 291840K, used 233987K [0x0000000080000000, 0x0000000100000000)
  region size 1024K, 139 young (142336K), 13 survivors (13312K)
 Metaspace       used 82709K, committed 83648K, reserved 495616K
  class space    used 11447K, committed 11904K, reserved 421888K
}
Event: 24.339 GC heap after
{Heap after GC invocations=38 (full 0):
 garbage-first heap   total 291840K, used 107477K [0x0000000080000000, 0x0000000100000000)
  region size 1024K, 8 young (8192K), 8 survivors (8192K)
 Metaspace       used 82709K, committed 83648K, reserved 495616K
  class space    used 11447K, committed 11904K, reserved 421888K
}

